0 info it worked if it ends with ok
1 verbose cli [ '/home/bjdev/.nvm/versions/node/v6.12.3/bin/node',
1 verbose cli   '/home/bjdev/.nvm/versions/node/v6.12.3/bin/npm',
1 verbose cli   'install',
1 verbose cli   'websocket-stream' ]
2 info using npm@3.10.10
3 info using node@v6.12.3
4 silly loadCurrentTree Starting
5 silly install loadCurrentTree
6 silly install readLocalPackageData
7 silly fetchPackageMetaData websocket-stream
8 silly fetchNamedPackageData websocket-stream
9 silly mapToRegistry name websocket-stream
10 silly mapToRegistry using default registry
11 silly mapToRegistry registry https://registry.npmjs.org/
12 silly mapToRegistry data Result {
12 silly mapToRegistry   raw: 'websocket-stream',
12 silly mapToRegistry   scope: null,
12 silly mapToRegistry   escapedName: 'websocket-stream',
12 silly mapToRegistry   name: 'websocket-stream',
12 silly mapToRegistry   rawSpec: '',
12 silly mapToRegistry   spec: 'latest',
12 silly mapToRegistry   type: 'tag' }
13 silly mapToRegistry uri https://registry.npmjs.org/websocket-stream
14 verbose request uri https://registry.npmjs.org/websocket-stream
15 verbose request no auth needed
16 info attempt registry request try #1 at 3:22:55 AM
17 verbose request id 425c0632ebfb32c9
18 http request GET https://registry.npmjs.org/websocket-stream
19 http 200 https://registry.npmjs.org/websocket-stream
20 verbose headers { 'content-type': 'application/json; charset=UTF-8',
20 verbose headers   server: 'UploadServer',
20 verbose headers   'cache-control': 'max-age=300',
20 verbose headers   'last-modified': 'Sat, 4 Nov 2017 9:10:29 GMT',
20 verbose headers   etag: '"59fd8405-11507"',
20 verbose headers   'content-encoding': 'gzip',
20 verbose headers   'content-length': '8230',
20 verbose headers   'accept-ranges': 'bytes',
20 verbose headers   date: 'Sun, 14 Jan 2018 08:22:54 GMT',
20 verbose headers   via: '1.1 varnish',
20 verbose headers   age: '971',
20 verbose headers   connection: 'keep-alive',
20 verbose headers   'x-served-by': 'cache-iad2121-IAD',
20 verbose headers   'x-cache': 'HIT',
20 verbose headers   'x-cache-hits': '1',
20 verbose headers   'x-timer': 'S1515918175.509003,VS0,VE1',
20 verbose headers   vary: 'Accept-Encoding, Accept' }
21 silly get cb [ 200,
21 silly get   { 'content-type': 'application/json; charset=UTF-8',
21 silly get     server: 'UploadServer',
21 silly get     'cache-control': 'max-age=300',
21 silly get     'last-modified': 'Sat, 4 Nov 2017 9:10:29 GMT',
21 silly get     etag: '"59fd8405-11507"',
21 silly get     'content-encoding': 'gzip',
21 silly get     'content-length': '8230',
21 silly get     'accept-ranges': 'bytes',
21 silly get     date: 'Sun, 14 Jan 2018 08:22:54 GMT',
21 silly get     via: '1.1 varnish',
21 silly get     age: '971',
21 silly get     connection: 'keep-alive',
21 silly get     'x-served-by': 'cache-iad2121-IAD',
21 silly get     'x-cache': 'HIT',
21 silly get     'x-cache-hits': '1',
21 silly get     'x-timer': 'S1515918175.509003,VS0,VE1',
21 silly get     vary: 'Accept-Encoding, Accept' } ]
22 verbose get saving websocket-stream to /home/bjdev/.npm/registry.npmjs.org/websocket-stream/.cache.json
23 verbose correctMkdir /home/bjdev/.npm correctMkdir not in flight; initializing
24 silly install normalizeTree
25 silly loadCurrentTree Finishing
26 silly loadIdealTree Starting
27 silly install loadIdealTree
28 silly cloneCurrentTree Starting
29 silly install cloneCurrentTreeToIdealTree
30 silly cloneCurrentTree Finishing
31 silly loadShrinkwrap Starting
32 silly install loadShrinkwrap
33 silly loadShrinkwrap Finishing
34 silly loadAllDepsIntoIdealTree Starting
35 silly install loadAllDepsIntoIdealTree
36 silly resolveWithNewModule websocket-stream@5.1.1 checking installable status
37 silly cache add args [ 'websocket-stream', null ]
38 verbose cache add spec websocket-stream
39 silly cache add parsed spec Result {
39 silly cache add   raw: 'websocket-stream',
39 silly cache add   scope: null,
39 silly cache add   escapedName: 'websocket-stream',
39 silly cache add   name: 'websocket-stream',
39 silly cache add   rawSpec: '',
39 silly cache add   spec: 'latest',
39 silly cache add   type: 'tag' }
40 silly addNamed websocket-stream@latest
41 verbose addNamed "latest" is being treated as a dist-tag for websocket-stream
42 info addNameTag [ 'websocket-stream', 'latest' ]
43 silly mapToRegistry name websocket-stream
44 silly mapToRegistry using default registry
45 silly mapToRegistry registry https://registry.npmjs.org/
46 silly mapToRegistry data Result {
46 silly mapToRegistry   raw: 'websocket-stream',
46 silly mapToRegistry   scope: null,
46 silly mapToRegistry   escapedName: 'websocket-stream',
46 silly mapToRegistry   name: 'websocket-stream',
46 silly mapToRegistry   rawSpec: '',
46 silly mapToRegistry   spec: 'latest',
46 silly mapToRegistry   type: 'tag' }
47 silly mapToRegistry uri https://registry.npmjs.org/websocket-stream
48 verbose addNameTag registry:https://registry.npmjs.org/websocket-stream not in flight; fetching
49 verbose get https://registry.npmjs.org/websocket-stream not expired, no request
50 silly addNameTag next cb for websocket-stream with tag latest
51 silly addNamed websocket-stream@5.1.1
52 verbose addNamed "5.1.1" is a plain semver version for websocket-stream
53 silly mapToRegistry name websocket-stream
54 silly mapToRegistry using default registry
55 silly mapToRegistry registry https://registry.npmjs.org/
56 silly mapToRegistry data Result {
56 silly mapToRegistry   raw: 'websocket-stream',
56 silly mapToRegistry   scope: null,
56 silly mapToRegistry   escapedName: 'websocket-stream',
56 silly mapToRegistry   name: 'websocket-stream',
56 silly mapToRegistry   rawSpec: '',
56 silly mapToRegistry   spec: 'latest',
56 silly mapToRegistry   type: 'tag' }
57 silly mapToRegistry uri https://registry.npmjs.org/websocket-stream
58 verbose addRemoteTarball https://registry.npmjs.org/websocket-stream/-/websocket-stream-5.1.1.tgz not in flight; adding
59 verbose addRemoteTarball [ 'https://registry.npmjs.org/websocket-stream/-/websocket-stream-5.1.1.tgz',
59 verbose addRemoteTarball   '68d23916cdf53689cff73e213fa2178dbcea6169' ]
60 info retry fetch attempt 1 at 3:22:55 AM
61 info attempt registry request try #1 at 3:22:55 AM
62 http fetch GET https://registry.npmjs.org/websocket-stream/-/websocket-stream-5.1.1.tgz
63 http fetch 200 https://registry.npmjs.org/websocket-stream/-/websocket-stream-5.1.1.tgz
64 silly fetchAndShaCheck shasum 68d23916cdf53689cff73e213fa2178dbcea6169
65 verbose addTmpTarball /tmp/npm-20713-9489ce49/registry.npmjs.org/websocket-stream/-/websocket-stream-5.1.1.tgz not in flight; adding
66 verbose addTmpTarball already have metadata; skipping unpack for websocket-stream@5.1.1
67 verbose correctMkdir /home/bjdev/.npm correctMkdir not in flight; initializing
68 silly cache afterAdd websocket-stream@5.1.1
69 verbose afterAdd /home/bjdev/.npm/websocket-stream/5.1.1/package/package.json not in flight; writing
70 verbose correctMkdir /home/bjdev/.npm correctMkdir not in flight; initializing
71 verbose afterAdd /home/bjdev/.npm/websocket-stream/5.1.1/package/package.json written
72 silly fetchNamedPackageData duplexify
73 silly mapToRegistry name duplexify
74 silly mapToRegistry using default registry
75 silly mapToRegistry registry https://registry.npmjs.org/
76 silly mapToRegistry data Result {
76 silly mapToRegistry   raw: 'duplexify',
76 silly mapToRegistry   scope: null,
76 silly mapToRegistry   escapedName: 'duplexify',
76 silly mapToRegistry   name: 'duplexify',
76 silly mapToRegistry   rawSpec: '',
76 silly mapToRegistry   spec: 'latest',
76 silly mapToRegistry   type: 'tag' }
77 silly mapToRegistry uri https://registry.npmjs.org/duplexify
78 silly fetchNamedPackageData ws
79 silly mapToRegistry name ws
80 silly mapToRegistry using default registry
81 silly mapToRegistry registry https://registry.npmjs.org/
82 silly mapToRegistry data Result {
82 silly mapToRegistry   raw: 'ws',
82 silly mapToRegistry   scope: null,
82 silly mapToRegistry   escapedName: 'ws',
82 silly mapToRegistry   name: 'ws',
82 silly mapToRegistry   rawSpec: '',
82 silly mapToRegistry   spec: 'latest',
82 silly mapToRegistry   type: 'tag' }
83 silly mapToRegistry uri https://registry.npmjs.org/ws
84 verbose request uri https://registry.npmjs.org/duplexify
85 verbose request no auth needed
86 info attempt registry request try #1 at 3:22:55 AM
87 http request GET https://registry.npmjs.org/duplexify
88 verbose request uri https://registry.npmjs.org/ws
89 verbose request no auth needed
90 info attempt registry request try #1 at 3:22:55 AM
91 verbose etag "5a57bb50-2119d"
92 verbose lastModified Thu, 11 Jan 2018 19:30:24 GMT
93 http request GET https://registry.npmjs.org/ws
94 http 200 https://registry.npmjs.org/duplexify
95 verbose headers { 'content-type': 'application/json; charset=UTF-8',
95 verbose headers   server: 'UploadServer',
95 verbose headers   'cache-control': 'max-age=300',
95 verbose headers   'last-modified': 'Wed, 10 Jan 2018 16:14:29 GMT',
95 verbose headers   etag: '"5a563be5-9e40"',
95 verbose headers   'content-encoding': 'gzip',
95 verbose headers   'content-length': '5226',
95 verbose headers   'accept-ranges': 'bytes',
95 verbose headers   date: 'Sun, 14 Jan 2018 08:22:54 GMT',
95 verbose headers   via: '1.1 varnish',
95 verbose headers   age: '372',
95 verbose headers   connection: 'keep-alive',
95 verbose headers   'x-served-by': 'cache-iad2121-IAD',
95 verbose headers   'x-cache': 'HIT',
95 verbose headers   'x-cache-hits': '2',
95 verbose headers   'x-timer': 'S1515918175.621014,VS0,VE0',
95 verbose headers   vary: 'Accept-Encoding, Accept' }
96 silly get cb [ 200,
96 silly get   { 'content-type': 'application/json; charset=UTF-8',
96 silly get     server: 'UploadServer',
96 silly get     'cache-control': 'max-age=300',
96 silly get     'last-modified': 'Wed, 10 Jan 2018 16:14:29 GMT',
96 silly get     etag: '"5a563be5-9e40"',
96 silly get     'content-encoding': 'gzip',
96 silly get     'content-length': '5226',
96 silly get     'accept-ranges': 'bytes',
96 silly get     date: 'Sun, 14 Jan 2018 08:22:54 GMT',
96 silly get     via: '1.1 varnish',
96 silly get     age: '372',
96 silly get     connection: 'keep-alive',
96 silly get     'x-served-by': 'cache-iad2121-IAD',
96 silly get     'x-cache': 'HIT',
96 silly get     'x-cache-hits': '2',
96 silly get     'x-timer': 'S1515918175.621014,VS0,VE0',
96 silly get     vary: 'Accept-Encoding, Accept' } ]
97 verbose get saving duplexify to /home/bjdev/.npm/registry.npmjs.org/duplexify/.cache.json
98 verbose correctMkdir /home/bjdev/.npm correctMkdir not in flight; initializing
99 silly resolveWithNewModule duplexify@3.5.3 checking installable status
100 silly cache add args [ 'duplexify@^3.5.1', null ]
101 verbose cache add spec duplexify@^3.5.1
102 silly cache add parsed spec Result {
102 silly cache add   raw: 'duplexify@^3.5.1',
102 silly cache add   scope: null,
102 silly cache add   escapedName: 'duplexify',
102 silly cache add   name: 'duplexify',
102 silly cache add   rawSpec: '^3.5.1',
102 silly cache add   spec: '>=3.5.1 <4.0.0',
102 silly cache add   type: 'range' }
103 silly addNamed duplexify@>=3.5.1 <4.0.0
104 verbose addNamed ">=3.5.1 <4.0.0" is a valid semver range for duplexify
105 silly addNameRange { name: 'duplexify', range: '>=3.5.1 <4.0.0', hasData: false }
106 silly mapToRegistry name duplexify
107 silly mapToRegistry using default registry
108 silly mapToRegistry registry https://registry.npmjs.org/
109 silly mapToRegistry data Result {
109 silly mapToRegistry   raw: 'duplexify',
109 silly mapToRegistry   scope: null,
109 silly mapToRegistry   escapedName: 'duplexify',
109 silly mapToRegistry   name: 'duplexify',
109 silly mapToRegistry   rawSpec: '',
109 silly mapToRegistry   spec: 'latest',
109 silly mapToRegistry   type: 'tag' }
110 silly mapToRegistry uri https://registry.npmjs.org/duplexify
111 verbose addNameRange registry:https://registry.npmjs.org/duplexify not in flight; fetching
112 verbose get https://registry.npmjs.org/duplexify not expired, no request
113 silly addNameRange number 2 { name: 'duplexify', range: '>=3.5.1 <4.0.0', hasData: true }
114 silly addNameRange versions [ 'duplexify',
114 silly addNameRange   [ '1.0.0',
114 silly addNameRange     '1.1.0',
114 silly addNameRange     '1.2.0',
114 silly addNameRange     '1.2.1',
114 silly addNameRange     '1.3.0',
114 silly addNameRange     '1.4.0',
114 silly addNameRange     '1.5.0',
114 silly addNameRange     '1.5.1',
114 silly addNameRange     '1.5.2',
114 silly addNameRange     '1.5.3',
114 silly addNameRange     '2.0.0',
114 silly addNameRange     '3.0.0',
114 silly addNameRange     '3.0.1',
114 silly addNameRange     '3.1.0',
114 silly addNameRange     '3.1.1',
114 silly addNameRange     '3.1.2',
114 silly addNameRange     '3.1.3',
114 silly addNameRange     '3.2.0',
114 silly addNameRange     '3.3.0',
114 silly addNameRange     '3.4.0',
114 silly addNameRange     '3.4.1',
114 silly addNameRange     '3.4.2',
114 silly addNameRange     '3.4.3',
114 silly addNameRange     '3.4.4',
114 silly addNameRange     '3.4.5',
114 silly addNameRange     '3.4.6',
114 silly addNameRange     '3.5.0',
114 silly addNameRange     '3.5.1',
114 silly addNameRange     '3.5.2',
114 silly addNameRange     '3.5.3' ] ]
115 silly addNamed duplexify@3.5.3
116 verbose addNamed "3.5.3" is a plain semver version for duplexify
117 silly mapToRegistry name duplexify
118 silly mapToRegistry using default registry
119 silly mapToRegistry registry https://registry.npmjs.org/
120 silly mapToRegistry data Result {
120 silly mapToRegistry   raw: 'duplexify',
120 silly mapToRegistry   scope: null,
120 silly mapToRegistry   escapedName: 'duplexify',
120 silly mapToRegistry   name: 'duplexify',
120 silly mapToRegistry   rawSpec: '',
120 silly mapToRegistry   spec: 'latest',
120 silly mapToRegistry   type: 'tag' }
121 silly mapToRegistry uri https://registry.npmjs.org/duplexify
122 verbose addRemoteTarball https://registry.npmjs.org/duplexify/-/duplexify-3.5.3.tgz not in flight; adding
123 verbose addRemoteTarball [ 'https://registry.npmjs.org/duplexify/-/duplexify-3.5.3.tgz',
123 verbose addRemoteTarball   '8b5818800df92fd0125b27ab896491912858243e' ]
124 info retry fetch attempt 1 at 3:22:55 AM
125 info attempt registry request try #1 at 3:22:55 AM
126 http fetch GET https://registry.npmjs.org/duplexify/-/duplexify-3.5.3.tgz
127 http fetch 200 https://registry.npmjs.org/duplexify/-/duplexify-3.5.3.tgz
128 silly fetchAndShaCheck shasum 8b5818800df92fd0125b27ab896491912858243e
129 verbose addTmpTarball /tmp/npm-20713-9489ce49/registry.npmjs.org/duplexify/-/duplexify-3.5.3.tgz not in flight; adding
130 verbose addTmpTarball already have metadata; skipping unpack for duplexify@3.5.3
131 verbose correctMkdir /home/bjdev/.npm correctMkdir not in flight; initializing
132 silly cache afterAdd duplexify@3.5.3
133 verbose afterAdd /home/bjdev/.npm/duplexify/3.5.3/package/package.json not in flight; writing
134 verbose correctMkdir /home/bjdev/.npm correctMkdir not in flight; initializing
135 verbose afterAdd /home/bjdev/.npm/duplexify/3.5.3/package/package.json written
136 http 304 https://registry.npmjs.org/ws
137 verbose headers { date: 'Sun, 14 Jan 2018 08:22:54 GMT',
137 verbose headers   via: '1.1 varnish',
137 verbose headers   'cache-control': 'max-age=300',
137 verbose headers   etag: '"5a57bb50-2119d"',
137 verbose headers   age: '3104',
137 verbose headers   connection: 'keep-alive',
137 verbose headers   'x-served-by': 'cache-iad2135-IAD',
137 verbose headers   'x-cache': 'HIT',
137 verbose headers   'x-cache-hits': '6',
137 verbose headers   'x-timer': 'S1515918175.673883,VS0,VE0',
137 verbose headers   vary: 'Accept-Encoding, Accept' }
138 silly get cb [ 304,
138 silly get   { date: 'Sun, 14 Jan 2018 08:22:54 GMT',
138 silly get     via: '1.1 varnish',
138 silly get     'cache-control': 'max-age=300',
138 silly get     etag: '"5a57bb50-2119d"',
138 silly get     age: '3104',
138 silly get     connection: 'keep-alive',
138 silly get     'x-served-by': 'cache-iad2135-IAD',
138 silly get     'x-cache': 'HIT',
138 silly get     'x-cache-hits': '6',
138 silly get     'x-timer': 'S1515918175.673883,VS0,VE0',
138 silly get     vary: 'Accept-Encoding, Accept' } ]
139 verbose etag https://registry.npmjs.org/ws from cache
140 verbose get saving ws to /home/bjdev/.npm/registry.npmjs.org/ws/.cache.json
141 verbose correctMkdir /home/bjdev/.npm correctMkdir not in flight; initializing
142 silly resolveWithNewModule ws@3.3.3 checking installable status
143 silly cache add args [ 'ws@^3.2.0', null ]
144 verbose cache add spec ws@^3.2.0
145 silly cache add parsed spec Result {
145 silly cache add   raw: 'ws@^3.2.0',
145 silly cache add   scope: null,
145 silly cache add   escapedName: 'ws',
145 silly cache add   name: 'ws',
145 silly cache add   rawSpec: '^3.2.0',
145 silly cache add   spec: '>=3.2.0 <4.0.0',
145 silly cache add   type: 'range' }
146 silly addNamed ws@>=3.2.0 <4.0.0
147 verbose addNamed ">=3.2.0 <4.0.0" is a valid semver range for ws
148 silly addNameRange { name: 'ws', range: '>=3.2.0 <4.0.0', hasData: false }
149 silly mapToRegistry name ws
150 silly mapToRegistry using default registry
151 silly mapToRegistry registry https://registry.npmjs.org/
152 silly mapToRegistry data Result {
152 silly mapToRegistry   raw: 'ws',
152 silly mapToRegistry   scope: null,
152 silly mapToRegistry   escapedName: 'ws',
152 silly mapToRegistry   name: 'ws',
152 silly mapToRegistry   rawSpec: '',
152 silly mapToRegistry   spec: 'latest',
152 silly mapToRegistry   type: 'tag' }
153 silly mapToRegistry uri https://registry.npmjs.org/ws
154 verbose addNameRange registry:https://registry.npmjs.org/ws not in flight; fetching
155 verbose get https://registry.npmjs.org/ws not expired, no request
156 silly addNameRange number 2 { name: 'ws', range: '>=3.2.0 <4.0.0', hasData: true }
157 silly addNameRange versions [ 'ws',
157 silly addNameRange   [ '0.2.6',
157 silly addNameRange     '0.2.8',
157 silly addNameRange     '0.2.9',
157 silly addNameRange     '0.3.0',
157 silly addNameRange     '0.3.1',
157 silly addNameRange     '0.3.2',
157 silly addNameRange     '0.3.3',
157 silly addNameRange     '0.3.4',
157 silly addNameRange     '0.3.4-2',
157 silly addNameRange     '0.3.5',
157 silly addNameRange     '0.3.5-2',
157 silly addNameRange     '0.3.5-3',
157 silly addNameRange     '0.3.5-4',
157 silly addNameRange     '0.3.6',
157 silly addNameRange     '0.3.7',
157 silly addNameRange     '0.3.8',
157 silly addNameRange     '0.3.9',
157 silly addNameRange     '0.4.0',
157 silly addNameRange     '0.4.1',
157 silly addNameRange     '0.4.2',
157 silly addNameRange     '0.4.3',
157 silly addNameRange     '0.4.5',
157 silly addNameRange     '0.4.6',
157 silly addNameRange     '0.4.7',
157 silly addNameRange     '0.4.8',
157 silly addNameRange     '0.4.9',
157 silly addNameRange     '0.4.10',
157 silly addNameRange     '0.4.11',
157 silly addNameRange     '0.4.12',
157 silly addNameRange     '0.4.13',
157 silly addNameRange     '0.4.14',
157 silly addNameRange     '0.4.15',
157 silly addNameRange     '0.4.16',
157 silly addNameRange     '0.4.17',
157 silly addNameRange     '0.4.18',
157 silly addNameRange     '0.4.19',
157 silly addNameRange     '0.4.20',
157 silly addNameRange     '0.4.21',
157 silly addNameRange     '0.4.22',
157 silly addNameRange     '0.4.23',
157 silly addNameRange     '0.4.24',
157 silly addNameRange     '0.4.25',
157 silly addNameRange     '0.4.27',
157 silly addNameRange     '0.4.28',
157 silly addNameRange     '0.4.29',
157 silly addNameRange     '0.4.30',
157 silly addNameRange     '0.4.31',
157 silly addNameRange     '0.4.32',
157 silly addNameRange     '0.5.0',
157 silly addNameRange     '0.6.0',
157 silly addNameRange     '0.6.1',
157 silly addNameRange     '0.6.2',
157 silly addNameRange     '0.6.3',
157 silly addNameRange     '0.6.4',
157 silly addNameRange     '0.6.5',
157 silly addNameRange     '0.7.0',
157 silly addNameRange     '0.7.1',
157 silly addNameRange     '0.7.2',
157 silly addNameRange     '0.8.0',
157 silly addNameRange     '0.8.1',
157 silly addNameRange     '1.0.0',
157 silly addNameRange     '1.0.1',
157 silly addNameRange     '1.1.0',
157 silly addNameRange     '1.1.1',
157 silly addNameRange     '2.0.0-beta.0',
157 silly addNameRange     '2.0.0-beta.1',
157 silly addNameRange     '2.0.0-beta.2',
157 silly addNameRange     '2.0.0',
157 silly addNameRange     '2.0.1',
157 silly addNameRange     '2.0.2',
157 silly addNameRange     '2.0.3',
157 silly addNameRange     '1.1.2',
157 silly addNameRange     '2.1.0',
157 silly addNameRange     '2.2.0',
157 silly addNameRange     '1.1.3',
157 silly addNameRange     '1.1.4',
157 silly addNameRange     '2.2.1',
157 silly addNameRange     '2.2.2',
157 silly addNameRange     '2.2.3',
157 silly addNameRange     '2.3.0',
157 silly addNameRange     '2.3.1',
157 silly addNameRange     '3.0.0',
157 silly addNameRange     '3.1.0',
157 silly addNameRange     '3.2.0',
157 silly addNameRange     '3.3.0',
157 silly addNameRange     '1.1.5',
157 silly addNameRange     '3.3.1',
157 silly addNameRange     '3.3.2',
157 silly addNameRange     '3.3.3',
157 silly addNameRange     '4.0.0' ] ]
158 silly addNamed ws@3.3.3
159 verbose addNamed "3.3.3" is a plain semver version for ws
160 silly mapToRegistry name ws
161 silly mapToRegistry using default registry
162 silly mapToRegistry registry https://registry.npmjs.org/
163 silly mapToRegistry data Result {
163 silly mapToRegistry   raw: 'ws',
163 silly mapToRegistry   scope: null,
163 silly mapToRegistry   escapedName: 'ws',
163 silly mapToRegistry   name: 'ws',
163 silly mapToRegistry   rawSpec: '',
163 silly mapToRegistry   spec: 'latest',
163 silly mapToRegistry   type: 'tag' }
164 silly mapToRegistry uri https://registry.npmjs.org/ws
165 verbose addRemoteTarball https://registry.npmjs.org/ws/-/ws-3.3.3.tgz not in flight; adding
166 verbose addRemoteTarball [ 'https://registry.npmjs.org/ws/-/ws-3.3.3.tgz',
166 verbose addRemoteTarball   'f1cf84fe2d5e901ebce94efaece785f187a228f2' ]
167 info retry fetch attempt 1 at 3:22:55 AM
168 info attempt registry request try #1 at 3:22:55 AM
169 http fetch GET https://registry.npmjs.org/ws/-/ws-3.3.3.tgz
170 http fetch 200 https://registry.npmjs.org/ws/-/ws-3.3.3.tgz
171 silly fetchAndShaCheck shasum f1cf84fe2d5e901ebce94efaece785f187a228f2
172 verbose addTmpTarball /tmp/npm-20713-9489ce49/registry.npmjs.org/ws/-/ws-3.3.3.tgz not in flight; adding
173 verbose addTmpTarball already have metadata; skipping unpack for ws@3.3.3
174 verbose correctMkdir /home/bjdev/.npm correctMkdir not in flight; initializing
175 silly cache afterAdd ws@3.3.3
176 verbose afterAdd /home/bjdev/.npm/ws/3.3.3/package/package.json not in flight; writing
177 verbose correctMkdir /home/bjdev/.npm correctMkdir not in flight; initializing
178 verbose afterAdd /home/bjdev/.npm/ws/3.3.3/package/package.json written
179 silly fetchNamedPackageData end-of-stream
180 silly mapToRegistry name end-of-stream
181 silly mapToRegistry using default registry
182 silly mapToRegistry registry https://registry.npmjs.org/
183 silly mapToRegistry data Result {
183 silly mapToRegistry   raw: 'end-of-stream',
183 silly mapToRegistry   scope: null,
183 silly mapToRegistry   escapedName: 'end-of-stream',
183 silly mapToRegistry   name: 'end-of-stream',
183 silly mapToRegistry   rawSpec: '',
183 silly mapToRegistry   spec: 'latest',
183 silly mapToRegistry   type: 'tag' }
184 silly mapToRegistry uri https://registry.npmjs.org/end-of-stream
185 silly fetchNamedPackageData stream-shift
186 silly mapToRegistry name stream-shift
187 silly mapToRegistry using default registry
188 silly mapToRegistry registry https://registry.npmjs.org/
189 silly mapToRegistry data Result {
189 silly mapToRegistry   raw: 'stream-shift',
189 silly mapToRegistry   scope: null,
189 silly mapToRegistry   escapedName: 'stream-shift',
189 silly mapToRegistry   name: 'stream-shift',
189 silly mapToRegistry   rawSpec: '',
189 silly mapToRegistry   spec: 'latest',
189 silly mapToRegistry   type: 'tag' }
190 silly mapToRegistry uri https://registry.npmjs.org/stream-shift
191 verbose request uri https://registry.npmjs.org/end-of-stream
192 verbose request no auth needed
193 info attempt registry request try #1 at 3:22:55 AM
194 http request GET https://registry.npmjs.org/end-of-stream
195 verbose request uri https://registry.npmjs.org/stream-shift
196 verbose request no auth needed
197 info attempt registry request try #1 at 3:22:55 AM
198 http request GET https://registry.npmjs.org/stream-shift
199 http 200 https://registry.npmjs.org/end-of-stream
200 verbose headers { 'content-type': 'application/json; charset=UTF-8',
200 verbose headers   server: 'UploadServer',
200 verbose headers   'cache-control': 'max-age=300',
200 verbose headers   'last-modified': 'Wed, 10 Jan 2018 16:11:28 GMT',
200 verbose headers   etag: '"5a563b30-3be1"',
200 verbose headers   'content-encoding': 'gzip',
200 verbose headers   'content-length': '2495',
200 verbose headers   'accept-ranges': 'bytes',
200 verbose headers   date: 'Sun, 14 Jan 2018 08:22:54 GMT',
200 verbose headers   via: '1.1 varnish',
200 verbose headers   age: '612',
200 verbose headers   connection: 'keep-alive',
200 verbose headers   'x-served-by': 'cache-iad2135-IAD',
200 verbose headers   'x-cache': 'HIT',
200 verbose headers   'x-cache-hits': '2',
200 verbose headers   'x-timer': 'S1515918175.739229,VS0,VE0',
200 verbose headers   vary: 'Accept-Encoding, Accept' }
201 silly get cb [ 200,
201 silly get   { 'content-type': 'application/json; charset=UTF-8',
201 silly get     server: 'UploadServer',
201 silly get     'cache-control': 'max-age=300',
201 silly get     'last-modified': 'Wed, 10 Jan 2018 16:11:28 GMT',
201 silly get     etag: '"5a563b30-3be1"',
201 silly get     'content-encoding': 'gzip',
201 silly get     'content-length': '2495',
201 silly get     'accept-ranges': 'bytes',
201 silly get     date: 'Sun, 14 Jan 2018 08:22:54 GMT',
201 silly get     via: '1.1 varnish',
201 silly get     age: '612',
201 silly get     connection: 'keep-alive',
201 silly get     'x-served-by': 'cache-iad2135-IAD',
201 silly get     'x-cache': 'HIT',
201 silly get     'x-cache-hits': '2',
201 silly get     'x-timer': 'S1515918175.739229,VS0,VE0',
201 silly get     vary: 'Accept-Encoding, Accept' } ]
202 verbose get saving end-of-stream to /home/bjdev/.npm/registry.npmjs.org/end-of-stream/.cache.json
203 verbose correctMkdir /home/bjdev/.npm correctMkdir not in flight; initializing
204 silly resolveWithNewModule end-of-stream@1.4.1 checking installable status
205 silly cache add args [ 'end-of-stream@^1.0.0', null ]
206 verbose cache add spec end-of-stream@^1.0.0
207 silly cache add parsed spec Result {
207 silly cache add   raw: 'end-of-stream@^1.0.0',
207 silly cache add   scope: null,
207 silly cache add   escapedName: 'end-of-stream',
207 silly cache add   name: 'end-of-stream',
207 silly cache add   rawSpec: '^1.0.0',
207 silly cache add   spec: '>=1.0.0 <2.0.0',
207 silly cache add   type: 'range' }
208 silly addNamed end-of-stream@>=1.0.0 <2.0.0
209 verbose addNamed ">=1.0.0 <2.0.0" is a valid semver range for end-of-stream
210 silly addNameRange { name: 'end-of-stream',
210 silly addNameRange   range: '>=1.0.0 <2.0.0',
210 silly addNameRange   hasData: false }
211 silly mapToRegistry name end-of-stream
212 silly mapToRegistry using default registry
213 silly mapToRegistry registry https://registry.npmjs.org/
214 silly mapToRegistry data Result {
214 silly mapToRegistry   raw: 'end-of-stream',
214 silly mapToRegistry   scope: null,
214 silly mapToRegistry   escapedName: 'end-of-stream',
214 silly mapToRegistry   name: 'end-of-stream',
214 silly mapToRegistry   rawSpec: '',
214 silly mapToRegistry   spec: 'latest',
214 silly mapToRegistry   type: 'tag' }
215 silly mapToRegistry uri https://registry.npmjs.org/end-of-stream
216 verbose addNameRange registry:https://registry.npmjs.org/end-of-stream not in flight; fetching
217 verbose get https://registry.npmjs.org/end-of-stream not expired, no request
218 silly addNameRange number 2 { name: 'end-of-stream', range: '>=1.0.0 <2.0.0', hasData: true }
219 silly addNameRange versions [ 'end-of-stream',
219 silly addNameRange   [ '0.1.0',
219 silly addNameRange     '0.1.1',
219 silly addNameRange     '0.1.2',
219 silly addNameRange     '0.1.3',
219 silly addNameRange     '0.1.4',
219 silly addNameRange     '0.1.5',
219 silly addNameRange     '1.0.0',
219 silly addNameRange     '1.1.0',
219 silly addNameRange     '1.2.0',
219 silly addNameRange     '1.3.0',
219 silly addNameRange     '1.4.0',
219 silly addNameRange     '1.4.1' ] ]
220 silly addNamed end-of-stream@1.4.1
221 verbose addNamed "1.4.1" is a plain semver version for end-of-stream
222 http 200 https://registry.npmjs.org/stream-shift
223 verbose headers { 'content-type': 'application/json; charset=UTF-8',
223 verbose headers   server: 'UploadServer',
223 verbose headers   'cache-control': 'max-age=300',
223 verbose headers   'last-modified': 'Fri, 8 Jul 2016 21:01:04 GMT',
223 verbose headers   etag: '"57801490-96e"',
223 verbose headers   'content-encoding': 'gzip',
223 verbose headers   'content-length': '968',
223 verbose headers   'accept-ranges': 'bytes',
223 verbose headers   date: 'Sun, 14 Jan 2018 08:22:54 GMT',
223 verbose headers   via: '1.1 varnish',
223 verbose headers   age: '7748',
223 verbose headers   connection: 'keep-alive',
223 verbose headers   'x-served-by': 'cache-iad2121-IAD',
223 verbose headers   'x-cache': 'HIT',
223 verbose headers   'x-cache-hits': '5',
223 verbose headers   'x-timer': 'S1515918175.745540,VS0,VE0',
223 verbose headers   vary: 'Accept-Encoding, Accept' }
224 silly get cb [ 200,
224 silly get   { 'content-type': 'application/json; charset=UTF-8',
224 silly get     server: 'UploadServer',
224 silly get     'cache-control': 'max-age=300',
224 silly get     'last-modified': 'Fri, 8 Jul 2016 21:01:04 GMT',
224 silly get     etag: '"57801490-96e"',
224 silly get     'content-encoding': 'gzip',
224 silly get     'content-length': '968',
224 silly get     'accept-ranges': 'bytes',
224 silly get     date: 'Sun, 14 Jan 2018 08:22:54 GMT',
224 silly get     via: '1.1 varnish',
224 silly get     age: '7748',
224 silly get     connection: 'keep-alive',
224 silly get     'x-served-by': 'cache-iad2121-IAD',
224 silly get     'x-cache': 'HIT',
224 silly get     'x-cache-hits': '5',
224 silly get     'x-timer': 'S1515918175.745540,VS0,VE0',
224 silly get     vary: 'Accept-Encoding, Accept' } ]
225 verbose get saving stream-shift to /home/bjdev/.npm/registry.npmjs.org/stream-shift/.cache.json
226 verbose correctMkdir /home/bjdev/.npm correctMkdir not in flight; initializing
227 silly mapToRegistry name end-of-stream
228 silly mapToRegistry using default registry
229 silly mapToRegistry registry https://registry.npmjs.org/
230 silly mapToRegistry data Result {
230 silly mapToRegistry   raw: 'end-of-stream',
230 silly mapToRegistry   scope: null,
230 silly mapToRegistry   escapedName: 'end-of-stream',
230 silly mapToRegistry   name: 'end-of-stream',
230 silly mapToRegistry   rawSpec: '',
230 silly mapToRegistry   spec: 'latest',
230 silly mapToRegistry   type: 'tag' }
231 silly mapToRegistry uri https://registry.npmjs.org/end-of-stream
232 verbose addRemoteTarball https://registry.npmjs.org/end-of-stream/-/end-of-stream-1.4.1.tgz not in flight; adding
233 verbose addRemoteTarball [ 'https://registry.npmjs.org/end-of-stream/-/end-of-stream-1.4.1.tgz',
233 verbose addRemoteTarball   'ed29634d19baba463b6ce6b80a37213eab71ec43' ]
234 info retry fetch attempt 1 at 3:22:55 AM
235 info attempt registry request try #1 at 3:22:55 AM
236 http fetch GET https://registry.npmjs.org/end-of-stream/-/end-of-stream-1.4.1.tgz
237 silly resolveWithNewModule stream-shift@1.0.0 checking installable status
238 silly cache add args [ 'stream-shift@^1.0.0', null ]
239 verbose cache add spec stream-shift@^1.0.0
240 silly cache add parsed spec Result {
240 silly cache add   raw: 'stream-shift@^1.0.0',
240 silly cache add   scope: null,
240 silly cache add   escapedName: 'stream-shift',
240 silly cache add   name: 'stream-shift',
240 silly cache add   rawSpec: '^1.0.0',
240 silly cache add   spec: '>=1.0.0 <2.0.0',
240 silly cache add   type: 'range' }
241 silly addNamed stream-shift@>=1.0.0 <2.0.0
242 verbose addNamed ">=1.0.0 <2.0.0" is a valid semver range for stream-shift
243 silly addNameRange { name: 'stream-shift', range: '>=1.0.0 <2.0.0', hasData: false }
244 silly mapToRegistry name stream-shift
245 silly mapToRegistry using default registry
246 silly mapToRegistry registry https://registry.npmjs.org/
247 silly mapToRegistry data Result {
247 silly mapToRegistry   raw: 'stream-shift',
247 silly mapToRegistry   scope: null,
247 silly mapToRegistry   escapedName: 'stream-shift',
247 silly mapToRegistry   name: 'stream-shift',
247 silly mapToRegistry   rawSpec: '',
247 silly mapToRegistry   spec: 'latest',
247 silly mapToRegistry   type: 'tag' }
248 silly mapToRegistry uri https://registry.npmjs.org/stream-shift
249 verbose addNameRange registry:https://registry.npmjs.org/stream-shift not in flight; fetching
250 verbose get https://registry.npmjs.org/stream-shift not expired, no request
251 silly addNameRange number 2 { name: 'stream-shift', range: '>=1.0.0 <2.0.0', hasData: true }
252 silly addNameRange versions [ 'stream-shift', [ '1.0.0' ] ]
253 silly addNamed stream-shift@1.0.0
254 verbose addNamed "1.0.0" is a plain semver version for stream-shift
255 silly mapToRegistry name stream-shift
256 silly mapToRegistry using default registry
257 silly mapToRegistry registry https://registry.npmjs.org/
258 silly mapToRegistry data Result {
258 silly mapToRegistry   raw: 'stream-shift',
258 silly mapToRegistry   scope: null,
258 silly mapToRegistry   escapedName: 'stream-shift',
258 silly mapToRegistry   name: 'stream-shift',
258 silly mapToRegistry   rawSpec: '',
258 silly mapToRegistry   spec: 'latest',
258 silly mapToRegistry   type: 'tag' }
259 silly mapToRegistry uri https://registry.npmjs.org/stream-shift
260 verbose addRemoteTarball https://registry.npmjs.org/stream-shift/-/stream-shift-1.0.0.tgz not in flight; adding
261 verbose addRemoteTarball [ 'https://registry.npmjs.org/stream-shift/-/stream-shift-1.0.0.tgz',
261 verbose addRemoteTarball   'd5c752825e5367e786f78e18e445ea223a155952' ]
262 info retry fetch attempt 1 at 3:22:55 AM
263 info attempt registry request try #1 at 3:22:55 AM
264 http fetch GET https://registry.npmjs.org/stream-shift/-/stream-shift-1.0.0.tgz
265 http fetch 200 https://registry.npmjs.org/end-of-stream/-/end-of-stream-1.4.1.tgz
266 http fetch 200 https://registry.npmjs.org/stream-shift/-/stream-shift-1.0.0.tgz
267 silly fetchAndShaCheck shasum d5c752825e5367e786f78e18e445ea223a155952
268 silly fetchAndShaCheck shasum ed29634d19baba463b6ce6b80a37213eab71ec43
269 verbose addTmpTarball /tmp/npm-20713-9489ce49/registry.npmjs.org/end-of-stream/-/end-of-stream-1.4.1.tgz not in flight; adding
270 verbose addTmpTarball already have metadata; skipping unpack for end-of-stream@1.4.1
271 verbose correctMkdir /home/bjdev/.npm correctMkdir not in flight; initializing
272 verbose addTmpTarball /tmp/npm-20713-9489ce49/registry.npmjs.org/stream-shift/-/stream-shift-1.0.0.tgz not in flight; adding
273 verbose addTmpTarball already have metadata; skipping unpack for stream-shift@1.0.0
274 verbose correctMkdir /home/bjdev/.npm correctMkdir not in flight; initializing
275 silly cache afterAdd end-of-stream@1.4.1
276 verbose afterAdd /home/bjdev/.npm/end-of-stream/1.4.1/package/package.json not in flight; writing
277 verbose correctMkdir /home/bjdev/.npm correctMkdir not in flight; initializing
278 silly cache afterAdd stream-shift@1.0.0
279 verbose afterAdd /home/bjdev/.npm/stream-shift/1.0.0/package/package.json not in flight; writing
280 verbose correctMkdir /home/bjdev/.npm correctMkdir not in flight; initializing
281 verbose afterAdd /home/bjdev/.npm/end-of-stream/1.4.1/package/package.json written
282 verbose afterAdd /home/bjdev/.npm/stream-shift/1.0.0/package/package.json written
283 silly fetchNamedPackageData once
284 silly mapToRegistry name once
285 silly mapToRegistry using default registry
286 silly mapToRegistry registry https://registry.npmjs.org/
287 silly mapToRegistry data Result {
287 silly mapToRegistry   raw: 'once',
287 silly mapToRegistry   scope: null,
287 silly mapToRegistry   escapedName: 'once',
287 silly mapToRegistry   name: 'once',
287 silly mapToRegistry   rawSpec: '',
287 silly mapToRegistry   spec: 'latest',
287 silly mapToRegistry   type: 'tag' }
288 silly mapToRegistry uri https://registry.npmjs.org/once
289 verbose request uri https://registry.npmjs.org/once
290 verbose request no auth needed
291 info attempt registry request try #1 at 3:22:55 AM
292 verbose etag "59de3d83-25f6"
293 verbose lastModified Wed, 11 Oct 2017 15:49:23 GMT
294 http request GET https://registry.npmjs.org/once
295 http 304 https://registry.npmjs.org/once
296 verbose headers { date: 'Sun, 14 Jan 2018 08:22:54 GMT',
296 verbose headers   via: '1.1 varnish',
296 verbose headers   'cache-control': 'max-age=300',
296 verbose headers   etag: '"59de3d83-25f6"',
296 verbose headers   age: '4280',
296 verbose headers   connection: 'keep-alive',
296 verbose headers   'x-served-by': 'cache-iad2135-IAD',
296 verbose headers   'x-cache': 'HIT',
296 verbose headers   'x-cache-hits': '47',
296 verbose headers   'x-timer': 'S1515918175.779838,VS0,VE0',
296 verbose headers   vary: 'Accept-Encoding, Accept' }
297 silly get cb [ 304,
297 silly get   { date: 'Sun, 14 Jan 2018 08:22:54 GMT',
297 silly get     via: '1.1 varnish',
297 silly get     'cache-control': 'max-age=300',
297 silly get     etag: '"59de3d83-25f6"',
297 silly get     age: '4280',
297 silly get     connection: 'keep-alive',
297 silly get     'x-served-by': 'cache-iad2135-IAD',
297 silly get     'x-cache': 'HIT',
297 silly get     'x-cache-hits': '47',
297 silly get     'x-timer': 'S1515918175.779838,VS0,VE0',
297 silly get     vary: 'Accept-Encoding, Accept' } ]
298 verbose etag https://registry.npmjs.org/once from cache
299 verbose get saving once to /home/bjdev/.npm/registry.npmjs.org/once/.cache.json
300 verbose correctMkdir /home/bjdev/.npm correctMkdir not in flight; initializing
301 silly resolveWithNewModule once@1.4.0 checking installable status
302 silly cache add args [ 'once@^1.4.0', null ]
303 verbose cache add spec once@^1.4.0
304 silly cache add parsed spec Result {
304 silly cache add   raw: 'once@^1.4.0',
304 silly cache add   scope: null,
304 silly cache add   escapedName: 'once',
304 silly cache add   name: 'once',
304 silly cache add   rawSpec: '^1.4.0',
304 silly cache add   spec: '>=1.4.0 <2.0.0',
304 silly cache add   type: 'range' }
305 silly addNamed once@>=1.4.0 <2.0.0
306 verbose addNamed ">=1.4.0 <2.0.0" is a valid semver range for once
307 silly addNameRange { name: 'once', range: '>=1.4.0 <2.0.0', hasData: false }
308 silly mapToRegistry name once
309 silly mapToRegistry using default registry
310 silly mapToRegistry registry https://registry.npmjs.org/
311 silly mapToRegistry data Result {
311 silly mapToRegistry   raw: 'once',
311 silly mapToRegistry   scope: null,
311 silly mapToRegistry   escapedName: 'once',
311 silly mapToRegistry   name: 'once',
311 silly mapToRegistry   rawSpec: '',
311 silly mapToRegistry   spec: 'latest',
311 silly mapToRegistry   type: 'tag' }
312 silly mapToRegistry uri https://registry.npmjs.org/once
313 verbose addNameRange registry:https://registry.npmjs.org/once not in flight; fetching
314 verbose get https://registry.npmjs.org/once not expired, no request
315 silly addNameRange number 2 { name: 'once', range: '>=1.4.0 <2.0.0', hasData: true }
316 silly addNameRange versions [ 'once',
316 silly addNameRange   [ '1.1.1', '1.2.0', '1.3.0', '1.3.1', '1.3.2', '1.3.3', '1.4.0' ] ]
317 silly addNamed once@1.4.0
318 verbose addNamed "1.4.0" is a plain semver version for once
319 silly cache afterAdd once@1.4.0
320 verbose afterAdd /home/bjdev/.npm/once/1.4.0/package/package.json not in flight; writing
321 verbose correctMkdir /home/bjdev/.npm correctMkdir not in flight; initializing
322 verbose afterAdd /home/bjdev/.npm/once/1.4.0/package/package.json written
323 silly fetchNamedPackageData wrappy
324 silly mapToRegistry name wrappy
325 silly mapToRegistry using default registry
326 silly mapToRegistry registry https://registry.npmjs.org/
327 silly mapToRegistry data Result {
327 silly mapToRegistry   raw: 'wrappy',
327 silly mapToRegistry   scope: null,
327 silly mapToRegistry   escapedName: 'wrappy',
327 silly mapToRegistry   name: 'wrappy',
327 silly mapToRegistry   rawSpec: '',
327 silly mapToRegistry   spec: 'latest',
327 silly mapToRegistry   type: 'tag' }
328 silly mapToRegistry uri https://registry.npmjs.org/wrappy
329 verbose request uri https://registry.npmjs.org/wrappy
330 verbose request no auth needed
331 info attempt registry request try #1 at 3:22:55 AM
332 verbose etag "59444755-11a6"
333 verbose lastModified Fri, 16 Jun 2017 21:02:13 GMT
334 http request GET https://registry.npmjs.org/wrappy
335 http 304 https://registry.npmjs.org/wrappy
336 verbose headers { date: 'Sun, 14 Jan 2018 08:22:54 GMT',
336 verbose headers   via: '1.1 varnish',
336 verbose headers   'cache-control': 'max-age=300',
336 verbose headers   etag: '"59444755-11a6"',
336 verbose headers   age: '7376',
336 verbose headers   connection: 'keep-alive',
336 verbose headers   'x-served-by': 'cache-iad2121-IAD',
336 verbose headers   'x-cache': 'HIT',
336 verbose headers   'x-cache-hits': '83',
336 verbose headers   'x-timer': 'S1515918175.803195,VS0,VE0',
336 verbose headers   vary: 'Accept-Encoding, Accept' }
337 silly get cb [ 304,
337 silly get   { date: 'Sun, 14 Jan 2018 08:22:54 GMT',
337 silly get     via: '1.1 varnish',
337 silly get     'cache-control': 'max-age=300',
337 silly get     etag: '"59444755-11a6"',
337 silly get     age: '7376',
337 silly get     connection: 'keep-alive',
337 silly get     'x-served-by': 'cache-iad2121-IAD',
337 silly get     'x-cache': 'HIT',
337 silly get     'x-cache-hits': '83',
337 silly get     'x-timer': 'S1515918175.803195,VS0,VE0',
337 silly get     vary: 'Accept-Encoding, Accept' } ]
338 verbose etag https://registry.npmjs.org/wrappy from cache
339 verbose get saving wrappy to /home/bjdev/.npm/registry.npmjs.org/wrappy/.cache.json
340 verbose correctMkdir /home/bjdev/.npm correctMkdir not in flight; initializing
341 silly resolveWithNewModule wrappy@1.0.2 checking installable status
342 silly cache add args [ 'wrappy@1', null ]
343 verbose cache add spec wrappy@1
344 silly cache add parsed spec Result {
344 silly cache add   raw: 'wrappy@1',
344 silly cache add   scope: null,
344 silly cache add   escapedName: 'wrappy',
344 silly cache add   name: 'wrappy',
344 silly cache add   rawSpec: '1',
344 silly cache add   spec: '>=1.0.0 <2.0.0',
344 silly cache add   type: 'range' }
345 silly addNamed wrappy@>=1.0.0 <2.0.0
346 verbose addNamed ">=1.0.0 <2.0.0" is a valid semver range for wrappy
347 silly addNameRange { name: 'wrappy', range: '>=1.0.0 <2.0.0', hasData: false }
348 silly mapToRegistry name wrappy
349 silly mapToRegistry using default registry
350 silly mapToRegistry registry https://registry.npmjs.org/
351 silly mapToRegistry data Result {
351 silly mapToRegistry   raw: 'wrappy',
351 silly mapToRegistry   scope: null,
351 silly mapToRegistry   escapedName: 'wrappy',
351 silly mapToRegistry   name: 'wrappy',
351 silly mapToRegistry   rawSpec: '',
351 silly mapToRegistry   spec: 'latest',
351 silly mapToRegistry   type: 'tag' }
352 silly mapToRegistry uri https://registry.npmjs.org/wrappy
353 verbose addNameRange registry:https://registry.npmjs.org/wrappy not in flight; fetching
354 verbose get https://registry.npmjs.org/wrappy not expired, no request
355 silly addNameRange number 2 { name: 'wrappy', range: '>=1.0.0 <2.0.0', hasData: true }
356 silly addNameRange versions [ 'wrappy', [ '1.0.0', '1.0.1', '1.0.2' ] ]
357 silly addNamed wrappy@1.0.2
358 verbose addNamed "1.0.2" is a plain semver version for wrappy
359 silly cache afterAdd wrappy@1.0.2
360 verbose afterAdd /home/bjdev/.npm/wrappy/1.0.2/package/package.json not in flight; writing
361 verbose correctMkdir /home/bjdev/.npm correctMkdir not in flight; initializing
362 verbose afterAdd /home/bjdev/.npm/wrappy/1.0.2/package/package.json written
363 silly fetchNamedPackageData async-limiter
364 silly mapToRegistry name async-limiter
365 silly mapToRegistry using default registry
366 silly mapToRegistry registry https://registry.npmjs.org/
367 silly mapToRegistry data Result {
367 silly mapToRegistry   raw: 'async-limiter',
367 silly mapToRegistry   scope: null,
367 silly mapToRegistry   escapedName: 'async-limiter',
367 silly mapToRegistry   name: 'async-limiter',
367 silly mapToRegistry   rawSpec: '',
367 silly mapToRegistry   spec: 'latest',
367 silly mapToRegistry   type: 'tag' }
368 silly mapToRegistry uri https://registry.npmjs.org/async-limiter
369 silly fetchNamedPackageData ultron
370 silly mapToRegistry name ultron
371 silly mapToRegistry using default registry
372 silly mapToRegistry registry https://registry.npmjs.org/
373 silly mapToRegistry data Result {
373 silly mapToRegistry   raw: 'ultron',
373 silly mapToRegistry   scope: null,
373 silly mapToRegistry   escapedName: 'ultron',
373 silly mapToRegistry   name: 'ultron',
373 silly mapToRegistry   rawSpec: '',
373 silly mapToRegistry   spec: 'latest',
373 silly mapToRegistry   type: 'tag' }
374 silly mapToRegistry uri https://registry.npmjs.org/ultron
375 verbose request uri https://registry.npmjs.org/async-limiter
376 verbose request no auth needed
377 info attempt registry request try #1 at 3:22:55 AM
378 http request GET https://registry.npmjs.org/async-limiter
379 verbose request uri https://registry.npmjs.org/ultron
380 verbose request no auth needed
381 info attempt registry request try #1 at 3:22:55 AM
382 verbose etag "5a1595c2-3618"
383 verbose lastModified Wed, 22 Nov 2017 15:20:34 GMT
384 http request GET https://registry.npmjs.org/ultron
385 http 200 https://registry.npmjs.org/async-limiter
386 verbose headers { 'content-type': 'application/json; charset=UTF-8',
386 verbose headers   server: 'UploadServer',
386 verbose headers   'cache-control': 'max-age=300',
386 verbose headers   'last-modified': 'Thu, 30 Nov 2017 19:55:08 GMT',
386 verbose headers   etag: '"5a20621c-1744"',
386 verbose headers   'content-encoding': 'gzip',
386 verbose headers   'content-length': '2524',
386 verbose headers   'accept-ranges': 'bytes',
386 verbose headers   date: 'Sun, 14 Jan 2018 08:22:54 GMT',
386 verbose headers   via: '1.1 varnish',
386 verbose headers   age: '10912',
386 verbose headers   connection: 'keep-alive',
386 verbose headers   'x-served-by': 'cache-iad2135-IAD',
386 verbose headers   'x-cache': 'HIT',
386 verbose headers   'x-cache-hits': '3',
386 verbose headers   'x-timer': 'S1515918175.823382,VS0,VE0',
386 verbose headers   vary: 'Accept-Encoding, Accept' }
387 silly get cb [ 200,
387 silly get   { 'content-type': 'application/json; charset=UTF-8',
387 silly get     server: 'UploadServer',
387 silly get     'cache-control': 'max-age=300',
387 silly get     'last-modified': 'Thu, 30 Nov 2017 19:55:08 GMT',
387 silly get     etag: '"5a20621c-1744"',
387 silly get     'content-encoding': 'gzip',
387 silly get     'content-length': '2524',
387 silly get     'accept-ranges': 'bytes',
387 silly get     date: 'Sun, 14 Jan 2018 08:22:54 GMT',
387 silly get     via: '1.1 varnish',
387 silly get     age: '10912',
387 silly get     connection: 'keep-alive',
387 silly get     'x-served-by': 'cache-iad2135-IAD',
387 silly get     'x-cache': 'HIT',
387 silly get     'x-cache-hits': '3',
387 silly get     'x-timer': 'S1515918175.823382,VS0,VE0',
387 silly get     vary: 'Accept-Encoding, Accept' } ]
388 verbose get saving async-limiter to /home/bjdev/.npm/registry.npmjs.org/async-limiter/.cache.json
389 verbose correctMkdir /home/bjdev/.npm correctMkdir not in flight; initializing
390 silly resolveWithNewModule async-limiter@1.0.0 checking installable status
391 silly cache add args [ 'async-limiter@~1.0.0', null ]
392 verbose cache add spec async-limiter@~1.0.0
393 silly cache add parsed spec Result {
393 silly cache add   raw: 'async-limiter@~1.0.0',
393 silly cache add   scope: null,
393 silly cache add   escapedName: 'async-limiter',
393 silly cache add   name: 'async-limiter',
393 silly cache add   rawSpec: '~1.0.0',
393 silly cache add   spec: '>=1.0.0 <1.1.0',
393 silly cache add   type: 'range' }
394 silly addNamed async-limiter@>=1.0.0 <1.1.0
395 verbose addNamed ">=1.0.0 <1.1.0" is a valid semver range for async-limiter
396 silly addNameRange { name: 'async-limiter',
396 silly addNameRange   range: '>=1.0.0 <1.1.0',
396 silly addNameRange   hasData: false }
397 silly mapToRegistry name async-limiter
398 silly mapToRegistry using default registry
399 silly mapToRegistry registry https://registry.npmjs.org/
400 silly mapToRegistry data Result {
400 silly mapToRegistry   raw: 'async-limiter',
400 silly mapToRegistry   scope: null,
400 silly mapToRegistry   escapedName: 'async-limiter',
400 silly mapToRegistry   name: 'async-limiter',
400 silly mapToRegistry   rawSpec: '',
400 silly mapToRegistry   spec: 'latest',
400 silly mapToRegistry   type: 'tag' }
401 silly mapToRegistry uri https://registry.npmjs.org/async-limiter
402 verbose addNameRange registry:https://registry.npmjs.org/async-limiter not in flight; fetching
403 http 304 https://registry.npmjs.org/ultron
404 verbose headers { date: 'Sun, 14 Jan 2018 08:22:54 GMT',
404 verbose headers   via: '1.1 varnish',
404 verbose headers   'cache-control': 'max-age=300',
404 verbose headers   etag: '"5a1595c2-3618"',
404 verbose headers   age: '2496',
404 verbose headers   connection: 'keep-alive',
404 verbose headers   'x-served-by': 'cache-iad2121-IAD',
404 verbose headers   'x-cache': 'HIT',
404 verbose headers   'x-cache-hits': '3',
404 verbose headers   'x-timer': 'S1515918175.827287,VS0,VE0',
404 verbose headers   vary: 'Accept-Encoding, Accept' }
405 silly get cb [ 304,
405 silly get   { date: 'Sun, 14 Jan 2018 08:22:54 GMT',
405 silly get     via: '1.1 varnish',
405 silly get     'cache-control': 'max-age=300',
405 silly get     etag: '"5a1595c2-3618"',
405 silly get     age: '2496',
405 silly get     connection: 'keep-alive',
405 silly get     'x-served-by': 'cache-iad2121-IAD',
405 silly get     'x-cache': 'HIT',
405 silly get     'x-cache-hits': '3',
405 silly get     'x-timer': 'S1515918175.827287,VS0,VE0',
405 silly get     vary: 'Accept-Encoding, Accept' } ]
406 verbose etag https://registry.npmjs.org/ultron from cache
407 verbose get saving ultron to /home/bjdev/.npm/registry.npmjs.org/ultron/.cache.json
408 verbose correctMkdir /home/bjdev/.npm correctMkdir not in flight; initializing
409 verbose get https://registry.npmjs.org/async-limiter not expired, no request
410 silly addNameRange number 2 { name: 'async-limiter', range: '>=1.0.0 <1.1.0', hasData: true }
411 silly addNameRange versions [ 'async-limiter', [ '1.0.0' ] ]
412 silly addNamed async-limiter@1.0.0
413 verbose addNamed "1.0.0" is a plain semver version for async-limiter
414 silly mapToRegistry name async-limiter
415 silly mapToRegistry using default registry
416 silly mapToRegistry registry https://registry.npmjs.org/
417 silly mapToRegistry data Result {
417 silly mapToRegistry   raw: 'async-limiter',
417 silly mapToRegistry   scope: null,
417 silly mapToRegistry   escapedName: 'async-limiter',
417 silly mapToRegistry   name: 'async-limiter',
417 silly mapToRegistry   rawSpec: '',
417 silly mapToRegistry   spec: 'latest',
417 silly mapToRegistry   type: 'tag' }
418 silly mapToRegistry uri https://registry.npmjs.org/async-limiter
419 verbose addRemoteTarball https://registry.npmjs.org/async-limiter/-/async-limiter-1.0.0.tgz not in flight; adding
420 verbose addRemoteTarball [ 'https://registry.npmjs.org/async-limiter/-/async-limiter-1.0.0.tgz',
420 verbose addRemoteTarball   '78faed8c3d074ab81f22b4e985d79e8738f720f8' ]
421 info retry fetch attempt 1 at 3:22:55 AM
422 info attempt registry request try #1 at 3:22:55 AM
423 http fetch GET https://registry.npmjs.org/async-limiter/-/async-limiter-1.0.0.tgz
424 silly resolveWithNewModule ultron@1.1.1 checking installable status
425 silly cache add args [ 'ultron@~1.1.0', null ]
426 verbose cache add spec ultron@~1.1.0
427 silly cache add parsed spec Result {
427 silly cache add   raw: 'ultron@~1.1.0',
427 silly cache add   scope: null,
427 silly cache add   escapedName: 'ultron',
427 silly cache add   name: 'ultron',
427 silly cache add   rawSpec: '~1.1.0',
427 silly cache add   spec: '>=1.1.0 <1.2.0',
427 silly cache add   type: 'range' }
428 silly addNamed ultron@>=1.1.0 <1.2.0
429 verbose addNamed ">=1.1.0 <1.2.0" is a valid semver range for ultron
430 silly addNameRange { name: 'ultron', range: '>=1.1.0 <1.2.0', hasData: false }
431 silly mapToRegistry name ultron
432 silly mapToRegistry using default registry
433 silly mapToRegistry registry https://registry.npmjs.org/
434 silly mapToRegistry data Result {
434 silly mapToRegistry   raw: 'ultron',
434 silly mapToRegistry   scope: null,
434 silly mapToRegistry   escapedName: 'ultron',
434 silly mapToRegistry   name: 'ultron',
434 silly mapToRegistry   rawSpec: '',
434 silly mapToRegistry   spec: 'latest',
434 silly mapToRegistry   type: 'tag' }
435 silly mapToRegistry uri https://registry.npmjs.org/ultron
436 verbose addNameRange registry:https://registry.npmjs.org/ultron not in flight; fetching
437 verbose get https://registry.npmjs.org/ultron not expired, no request
438 silly addNameRange number 2 { name: 'ultron', range: '>=1.1.0 <1.2.0', hasData: true }
439 silly addNameRange versions [ 'ultron',
439 silly addNameRange   [ '0.0.0', '1.0.0', '1.0.1', '1.0.2', '1.1.0', '1.1.1' ] ]
440 silly addNamed ultron@1.1.1
441 verbose addNamed "1.1.1" is a plain semver version for ultron
442 silly cache afterAdd ultron@1.1.1
443 verbose afterAdd /home/bjdev/.npm/ultron/1.1.1/package/package.json not in flight; writing
444 verbose correctMkdir /home/bjdev/.npm correctMkdir not in flight; initializing
445 verbose afterAdd /home/bjdev/.npm/ultron/1.1.1/package/package.json written
446 http fetch 200 https://registry.npmjs.org/async-limiter/-/async-limiter-1.0.0.tgz
447 silly fetchAndShaCheck shasum 78faed8c3d074ab81f22b4e985d79e8738f720f8
448 verbose addTmpTarball /tmp/npm-20713-9489ce49/registry.npmjs.org/async-limiter/-/async-limiter-1.0.0.tgz not in flight; adding
449 verbose addTmpTarball already have metadata; skipping unpack for async-limiter@1.0.0
450 verbose correctMkdir /home/bjdev/.npm correctMkdir not in flight; initializing
451 silly cache afterAdd async-limiter@1.0.0
452 verbose afterAdd /home/bjdev/.npm/async-limiter/1.0.0/package/package.json not in flight; writing
453 verbose correctMkdir /home/bjdev/.npm correctMkdir not in flight; initializing
454 verbose afterAdd /home/bjdev/.npm/async-limiter/1.0.0/package/package.json written
455 silly loadAllDepsIntoIdealTree Finishing
456 silly loadIdealTree Finishing
457 silly currentTree sa
457 silly currentTree  ajv@5.5.2
457 silly currentTree  asn1@0.2.3
457 silly currentTree  assert-plus@1.0.0
457 silly currentTree  async-limiter@1.0.0
457 silly currentTree  asynckit@0.4.0
457 silly currentTree  aws-sign2@0.7.0
457 silly currentTree  aws4@1.6.0
457 silly currentTree  bcrypt-pbkdf@1.0.1
457 silly currentTree  boom@4.3.1
457 silly currentTree  caseless@0.12.0
457 silly currentTree  co@4.6.0
457 silly currentTree  combined-stream@1.0.5
457 silly currentTree  concat-stream@1.6.0
457 silly currentTree  core-util-is@1.0.2
457 silly currentTree  cryptiles@3.1.2
457 silly currentTree   boom@5.2.0
457 silly currentTree  dashdash@1.14.1
457 silly currentTree  delayed-stream@1.0.0
457 silly currentTree  duplexify@3.5.3
457 silly currentTree  ecc-jsbn@0.1.1
457 silly currentTree  end-of-stream@1.4.1
457 silly currentTree  extend@3.0.1
457 silly currentTree  extsprintf@1.3.0
457 silly currentTree  fast-deep-equal@1.0.0
457 silly currentTree  fast-json-stable-stringify@2.0.0
457 silly currentTree  forever-agent@0.6.1
457 silly currentTree  form-data@2.3.1
457 silly currentTree  getpass@0.1.7
457 silly currentTree  har-schema@2.0.0
457 silly currentTree  har-validator@5.0.3
457 silly currentTree  hawk@6.0.2
457 silly currentTree  hoek@4.2.0
457 silly currentTree  http-signature@1.2.0
457 silly currentTree  inherits@2.0.3
457 silly currentTree  is-typedarray@1.0.0
457 silly currentTree  isarray@1.0.0
457 silly currentTree  isstream@0.1.2
457 silly currentTree  jsbn@0.1.1
457 silly currentTree  json-schema-traverse@0.3.1
457 silly currentTree  json-schema@0.2.3
457 silly currentTree  json-stringify-safe@5.0.1
457 silly currentTree  jsprim@1.4.1
457 silly currentTree  mime-db@1.30.0
457 silly currentTree  mime-types@2.1.17
457 silly currentTree  oauth-sign@0.8.2
457 silly currentTree  once@1.4.0
457 silly currentTree  performance-now@2.1.0
457 silly currentTree  process-nextick-args@1.0.7
457 silly currentTree  punycode@1.4.1
457 silly currentTree  qs@6.5.1
457 silly currentTree  readable-stream@2.3.3
457 silly currentTree  request@2.83.0
457 silly currentTree  safe-buffer@5.1.1
457 silly currentTree  sntp@2.1.0
457 silly currentTree  split@1.0.1
457 silly currentTree  sshpk@1.13.1
457 silly currentTree  stream-shift@1.0.0
457 silly currentTree  string_decoder@1.0.3
457 silly currentTree  stringstream@0.0.5
457 silly currentTree  through@2.3.8
457 silly currentTree  through2@2.0.3
457 silly currentTree  tough-cookie@2.3.3
457 silly currentTree  tunnel-agent@0.6.0
457 silly currentTree  tweetnacl@0.14.5
457 silly currentTree  typedarray@0.0.6
457 silly currentTree  ultron@1.1.1
457 silly currentTree  util-deprecate@1.0.2
457 silly currentTree  uuid@3.1.0
457 silly currentTree  verror@1.10.0
457 silly currentTree  websocket-stream@5.1.1
457 silly currentTree  wrappy@1.0.2
457 silly currentTree  ws@3.3.3
457 silly currentTree  xtend@4.0.1
458 silly idealTree sa
458 silly idealTree  ajv@5.5.2
458 silly idealTree  asn1@0.2.3
458 silly idealTree  assert-plus@1.0.0
458 silly idealTree  async-limiter@1.0.0
458 silly idealTree  asynckit@0.4.0
458 silly idealTree  aws-sign2@0.7.0
458 silly idealTree  aws4@1.6.0
458 silly idealTree  bcrypt-pbkdf@1.0.1
458 silly idealTree  boom@4.3.1
458 silly idealTree  caseless@0.12.0
458 silly idealTree  co@4.6.0
458 silly idealTree  combined-stream@1.0.5
458 silly idealTree  concat-stream@1.6.0
458 silly idealTree  core-util-is@1.0.2
458 silly idealTree  cryptiles@3.1.2
458 silly idealTree   boom@5.2.0
458 silly idealTree  dashdash@1.14.1
458 silly idealTree  delayed-stream@1.0.0
458 silly idealTree  duplexify@3.5.3
458 silly idealTree  ecc-jsbn@0.1.1
458 silly idealTree  end-of-stream@1.4.1
458 silly idealTree  extend@3.0.1
458 silly idealTree  extsprintf@1.3.0
458 silly idealTree  fast-deep-equal@1.0.0
458 silly idealTree  fast-json-stable-stringify@2.0.0
458 silly idealTree  forever-agent@0.6.1
458 silly idealTree  form-data@2.3.1
458 silly idealTree  getpass@0.1.7
458 silly idealTree  har-schema@2.0.0
458 silly idealTree  har-validator@5.0.3
458 silly idealTree  hawk@6.0.2
458 silly idealTree  hoek@4.2.0
458 silly idealTree  http-signature@1.2.0
458 silly idealTree  inherits@2.0.3
458 silly idealTree  is-typedarray@1.0.0
458 silly idealTree  isarray@1.0.0
458 silly idealTree  isstream@0.1.2
458 silly idealTree  jsbn@0.1.1
458 silly idealTree  json-schema-traverse@0.3.1
458 silly idealTree  json-schema@0.2.3
458 silly idealTree  json-stringify-safe@5.0.1
458 silly idealTree  jsprim@1.4.1
458 silly idealTree  mime-db@1.30.0
458 silly idealTree  mime-types@2.1.17
458 silly idealTree  oauth-sign@0.8.2
458 silly idealTree  once@1.4.0
458 silly idealTree  performance-now@2.1.0
458 silly idealTree  process-nextick-args@1.0.7
458 silly idealTree  punycode@1.4.1
458 silly idealTree  qs@6.5.1
458 silly idealTree  readable-stream@2.3.3
458 silly idealTree  request@2.83.0
458 silly idealTree  safe-buffer@5.1.1
458 silly idealTree  sntp@2.1.0
458 silly idealTree  split@1.0.1
458 silly idealTree  sshpk@1.13.1
458 silly idealTree  stream-shift@1.0.0
458 silly idealTree  string_decoder@1.0.3
458 silly idealTree  stringstream@0.0.5
458 silly idealTree  through@2.3.8
458 silly idealTree  through2@2.0.3
458 silly idealTree  tough-cookie@2.3.3
458 silly idealTree  tunnel-agent@0.6.0
458 silly idealTree  tweetnacl@0.14.5
458 silly idealTree  typedarray@0.0.6
458 silly idealTree  ultron@1.1.1
458 silly idealTree  util-deprecate@1.0.2
458 silly idealTree  uuid@3.1.0
458 silly idealTree  verror@1.10.0
458 silly idealTree  websocket-stream@5.1.1
458 silly idealTree  wrappy@1.0.2
458 silly idealTree  ws@3.3.3
458 silly idealTree  xtend@4.0.1
459 silly generateActionsToTake Starting
460 silly install generateActionsToTake
461 warn checkPermissions Missing write access to /home/bjdev/Desktop/nodeschool/sa/node_modules/websocket-stream
462 warn checkPermissions Missing write access to /home/bjdev/Desktop/nodeschool/sa/node_modules
463 silly rollbackFailedOptional Starting
464 silly rollbackFailedOptional Finishing
465 silly runTopLevelLifecycles Finishing
466 silly install printInstalled
467 warn enoent ENOENT: no such file or directory, open '/home/bjdev/Desktop/nodeschool/sa/package.json'
468 verbose enoent ENOENT: no such file or directory, open '/home/bjdev/Desktop/nodeschool/sa/package.json'
468 verbose enoent This is most likely not a problem with npm itself
468 verbose enoent and is related to npm not being able to find a file.
469 warn sa No description
470 verbose If you need help, you may report this error at:
470 verbose     <https://github.com/npm/npm/issues>
471 warn sa No repository field.
472 verbose If you need help, you may report this error at:
472 verbose     <https://github.com/npm/npm/issues>
473 warn sa No README data
474 verbose If you need help, you may report this error at:
474 verbose     <https://github.com/npm/npm/issues>
475 warn sa No license field.
476 verbose If you need help, you may report this error at:
476 verbose     <https://github.com/npm/npm/issues>
477 verbose stack Error: EACCES: permission denied, access '/home/bjdev/Desktop/nodeschool/sa/node_modules/websocket-stream'
477 verbose stack     at Error (native)
478 verbose cwd /home/bjdev/Desktop/nodeschool/sa
479 error Linux 4.4.0-104-generic
480 error argv "/home/bjdev/.nvm/versions/node/v6.12.3/bin/node" "/home/bjdev/.nvm/versions/node/v6.12.3/bin/npm" "install" "websocket-stream"
481 error node v6.12.3
482 error npm  v3.10.10
483 error path /home/bjdev/Desktop/nodeschool/sa/node_modules/websocket-stream
484 error code EACCES
485 error errno -13
486 error syscall access
487 error Error: EACCES: permission denied, access '/home/bjdev/Desktop/nodeschool/sa/node_modules/websocket-stream'
487 error     at Error (native)
487 error  { Error: EACCES: permission denied, access '/home/bjdev/Desktop/nodeschool/sa/node_modules/websocket-stream'
487 error     at Error (native)
487 error   errno: -13,
487 error   code: 'EACCES',
487 error   syscall: 'access',
487 error   path: '/home/bjdev/Desktop/nodeschool/sa/node_modules/websocket-stream' }
488 error Please try running this command again as root/Administrator.
489 verbose exit [ -13, true ]
